<?xml version="1.0" encoding="UTF-8"?>
<!-- Generated by org.testng.reporters.JUnitXMLReporter -->
<testsuite ignored="1" hostname="SFLY-5CD247H55M" failures="0" tests="2" name="sflyOpen" time="5.922" errors="0" timestamp="2025-04-05T19:44:11 IST">
  <testcase classname="testng.sflyOpen" name="sflyOpen" time="5.856"/>
  <testcase classname="testng.EnableAnno" name="m1" time="0.0"/>
  <testcase classname="testng.EnableAnno" name="m2" time="0.0">
    <ignored/>
  </testcase> <!-- m2 -->
</testsuite> <!-- sflyOpen -->
