<?xml version="1.0" encoding="UTF-8"?>
<!-- Generated by org.testng.reporters.JUnitXMLReporter -->
<testsuite ignored="1" hostname="SFLY-5CD247H55M" failures="0" tests="6" name="TwoClasses" time="10.861" errors="0" timestamp="2025-04-05T22:08:06 IST">
  <testcase classname="testng.sflyOpen" name="sflyOpen" time="6.131"/>
  <testcase classname="testng.sflyOpen" name="sflyOpen" time="4.651"/>
  <testcase classname="testng.EnableAnno" name="m1" time="0.001"/>
  <testcase classname="testng.EnableAnno" name="m1" time="0.0"/>
  <testcase classname="testng.EnableAnno" name="m3" time="0.0"/>
  <testcase classname="testng.EnableAnno" name="m4" time="0.004"/>
  <testcase classname="testng.EnableAnno" name="m2" time="0.0">
    <ignored/>
  </testcase> <!-- m2 -->
</testsuite> <!-- TwoClasses -->
