<?xml version="1.0" encoding="UTF-8"?>
<testng-results ignored="0" total="2" passed="1" failed="1" skipped="0">
  <reporter-output>
  </reporter-output>
  <suite started-at="2025-04-19T19:45:55 IST" name="SFLY3" finished-at="2025-04-19T19:47:28 IST" duration-ms="93391">
    <groups>
      <group name="Master">
        <method signature="TC_001_LoginSfly3.loginSfly3(java.lang.String,java.lang.String)[pri:0, instance:com.sfly3.scripts.TC_001_LoginSfly3@3f6b0be5]" name="loginSfly3" class="com.sfly3.scripts.TC_001_LoginSfly3"/>
      </group> <!-- Master -->
      <group name="Sanity">
        <method signature="TC_001_LoginSfly3.loginSfly3(java.lang.String,java.lang.String)[pri:0, instance:com.sfly3.scripts.TC_001_LoginSfly3@3f6b0be5]" name="loginSfly3" class="com.sfly3.scripts.TC_001_LoginSfly3"/>
      </group> <!-- Sanity -->
    </groups>
    <test started-at="2025-04-19T19:45:55 IST" name="TC_001_LoginSfly3" finished-at="2025-04-19T19:47:28 IST" duration-ms="93391">
      <class name="com.sfly3.scripts.TC_001_LoginSfly3">
        <test-method is-config="true" signature="openBrowser(java.lang.String)[pri:0, instance:com.sfly3.scripts.TC_001_LoginSfly3@3f6b0be5]" started-at="2025-04-19T19:45:55 IST" name="openBrowser" finished-at="2025-04-19T19:45:57 IST" duration-ms="1990" status="PASS">
          <params>
            <param index="0">
              <value>
                <![CDATA[CHROME]]>
              </value>
            </param>
          </params>
          <reporter-output>
          </reporter-output>
        </test-method> <!-- openBrowser -->
        <test-method signature="loginSfly3(java.lang.String,java.lang.String)[pri:0, instance:com.sfly3.scripts.TC_001_LoginSfly3@3f6b0be5]" started-at="2025-04-19T19:45:58 IST" name="loginSfly3" data-provider="getTestData" finished-at="2025-04-19T19:46:23 IST" duration-ms="24619" status="PASS">
          <params>
            <param index="0">
              <value>
                <![CDATA[john.sample@gmail.com]]>
              </value>
            </param>
            <param index="1">
              <value>
                <![CDATA[Gudeat18@]]>
              </value>
            </param>
          </params>
          <reporter-output>
          </reporter-output>
        </test-method> <!-- loginSfly3 -->
        <test-method signature="loginSfly3(java.lang.String,java.lang.String)[pri:0, instance:com.sfly3.scripts.TC_001_LoginSfly3@3f6b0be5]" started-at="2025-04-19T19:46:23 IST" name="loginSfly3" data-provider="getTestData" finished-at="2025-04-19T19:47:25 IST" duration-ms="62492" status="FAIL">
          <params>
            <param index="0">
              <value>
                <![CDATA[cart.user.1280991822092@shutterfly.com]]>
              </value>
            </param>
            <param index="1">
              <value>
                <![CDATA[sfqatest]]>
              </value>
            </param>
          </params>
          <exception class="org.openqa.selenium.NoSuchElementException">
            <message>
              <![CDATA[no such element: Unable to locate element: {"method":"xpath","selector":"//input[@id='email']"}
  (Session info: chrome=135.0.7049.96)
For documentation on this error, please visit: https://www.selenium.dev/documentation/webdriver/troubleshooting/errors#no-such-element-exception
Build info: version: '4.27.0', revision: 'd6e718d134'
System info: os.name: 'Windows 10', os.arch: 'amd64', os.version: '10.0', java.version: '11.0.0.2'
Driver info: org.openqa.selenium.chrome.ChromeDriver
Command: [ff08fad02dc36e2d855f452cb0a0a68b, findElement {using=xpath, value=//input[@id='email']}]
Capabilities {acceptInsecureCerts: false, browserName: chrome, browserVersion: 135.0.7049.96, chrome: {chromedriverVersion: 135.0.7049.95 (de2eb485a195..., userDataDir: C:\Users\V-SRIN~1.SIR\AppDa...}, fedcm:accounts: true, goog:chromeOptions: {debuggerAddress: localhost:49246}, networkConnectionEnabled: false, pageLoadStrategy: normal, platformName: windows, proxy: Proxy(), se:cdp: ws://localhost:49246/devtoo..., se:cdpVersion: 135.0.7049.96, setWindowRect: true, strictFileInteractability: false, timeouts: {implicit: 0, pageLoad: 300000, script: 30000}, unhandledPromptBehavior: dismiss and notify, webauthn:extension:credBlob: true, webauthn:extension:largeBlob: true, webauthn:extension:minPinLength: true, webauthn:extension:prf: true, webauthn:virtualAuthenticators: true}
Session ID: ff08fad02dc36e2d855f452cb0a0a68b]]>
            </message>
            <full-stacktrace>
              <![CDATA[org.openqa.selenium.NoSuchElementException: no such element: Unable to locate element: {"method":"xpath","selector":"//input[@id='email']"}
  (Session info: chrome=135.0.7049.96)
For documentation on this error, please visit: https://www.selenium.dev/documentation/webdriver/troubleshooting/errors#no-such-element-exception
Build info: version: '4.27.0', revision: 'd6e718d134'
System info: os.name: 'Windows 10', os.arch: 'amd64', os.version: '10.0', java.version: '11.0.0.2'
Driver info: org.openqa.selenium.chrome.ChromeDriver
Command: [ff08fad02dc36e2d855f452cb0a0a68b, findElement {using=xpath, value=//input[@id='email']}]
Capabilities {acceptInsecureCerts: false, browserName: chrome, browserVersion: 135.0.7049.96, chrome: {chromedriverVersion: 135.0.7049.95 (de2eb485a195..., userDataDir: C:\Users\V-SRIN~1.SIR\AppDa...}, fedcm:accounts: true, goog:chromeOptions: {debuggerAddress: localhost:49246}, networkConnectionEnabled: false, pageLoadStrategy: normal, platformName: windows, proxy: Proxy(), se:cdp: ws://localhost:49246/devtoo..., se:cdpVersion: 135.0.7049.96, setWindowRect: true, strictFileInteractability: false, timeouts: {implicit: 0, pageLoad: 300000, script: 30000}, unhandledPromptBehavior: dismiss and notify, webauthn:extension:credBlob: true, webauthn:extension:largeBlob: true, webauthn:extension:minPinLength: true, webauthn:extension:prf: true, webauthn:virtualAuthenticators: true}
Session ID: ff08fad02dc36e2d855f452cb0a0a68b
at java.base/jdk.internal.reflect.NativeConstructorAccessorImpl.newInstance0(Native Method)
at java.base/jdk.internal.reflect.NativeConstructorAccessorImpl.newInstance(NativeConstructorAccessorImpl.java:62)
at java.base/jdk.internal.reflect.DelegatingConstructorAccessorImpl.newInstance(DelegatingConstructorAccessorImpl.java:45)
at java.base/java.lang.reflect.Constructor.newInstance(Constructor.java:490)
at org.openqa.selenium.remote.ErrorCodec.decode(ErrorCodec.java:167)
at org.openqa.selenium.remote.codec.w3c.W3CHttpResponseCodec.decode(W3CHttpResponseCodec.java:138)
at org.openqa.selenium.remote.codec.w3c.W3CHttpResponseCodec.decode(W3CHttpResponseCodec.java:50)
at org.openqa.selenium.remote.HttpCommandExecutor.execute(HttpCommandExecutor.java:190)
at org.openqa.selenium.remote.service.DriverCommandExecutor.invokeExecute(DriverCommandExecutor.java:216)
at org.openqa.selenium.remote.service.DriverCommandExecutor.execute(DriverCommandExecutor.java:174)
at org.openqa.selenium.remote.RemoteWebDriver.execute(RemoteWebDriver.java:545)
at org.openqa.selenium.remote.ElementLocation$ElementFinder$2.findElement(ElementLocation.java:165)
at org.openqa.selenium.remote.ElementLocation.findElement(ElementLocation.java:59)
at org.openqa.selenium.remote.RemoteWebDriver.findElement(RemoteWebDriver.java:368)
at org.openqa.selenium.remote.RemoteWebDriver.findElement(RemoteWebDriver.java:362)
at org.openqa.selenium.support.pagefactory.DefaultElementLocator.findElement(DefaultElementLocator.java:68)
at org.openqa.selenium.support.pagefactory.internal.LocatingElementHandler.invoke(LocatingElementHandler.java:38)
at com.sun.proxy.$Proxy17.sendKeys(Unknown Source)
at com.sfly3.pages.SignInPage.SignIn(SignInPage.java:25)
at com.sfly3.scripts.TC_001_LoginSfly3.loginSfly3(TC_001_LoginSfly3.java:15)
at java.base/jdk.internal.reflect.NativeMethodAccessorImpl.invoke0(Native Method)
at java.base/jdk.internal.reflect.NativeMethodAccessorImpl.invoke(NativeMethodAccessorImpl.java:62)
at java.base/jdk.internal.reflect.DelegatingMethodAccessorImpl.invoke(DelegatingMethodAccessorImpl.java:43)
at java.base/java.lang.reflect.Method.invoke(Method.java:566)
at org.testng.internal.invokers.MethodInvocationHelper.invokeMethod(MethodInvocationHelper.java:141)
at org.testng.internal.invokers.TestInvoker.invokeMethod(TestInvoker.java:687)
at org.testng.internal.invokers.TestInvoker.invokeTestMethod(TestInvoker.java:230)
at org.testng.internal.invokers.MethodRunner.runInSequence(MethodRunner.java:63)
at org.testng.internal.invokers.TestInvoker$MethodInvocationAgent.invoke(TestInvoker.java:995)
at org.testng.internal.invokers.TestInvoker.invokeTestMethods(TestInvoker.java:203)
at org.testng.internal.invokers.TestMethodWorker.invokeTestMethods(TestMethodWorker.java:154)
at org.testng.internal.invokers.TestMethodWorker.run(TestMethodWorker.java:134)
at java.base/java.util.ArrayList.forEach(ArrayList.java:1540)
at org.testng.TestRunner.privateRun(TestRunner.java:741)
at org.testng.TestRunner.run(TestRunner.java:616)
at org.testng.SuiteRunner.runTest(SuiteRunner.java:421)
at org.testng.SuiteRunner.runSequentially(SuiteRunner.java:413)
at org.testng.SuiteRunner.privateRun(SuiteRunner.java:373)
at org.testng.SuiteRunner.run(SuiteRunner.java:312)
at org.testng.SuiteRunnerWorker.runSuite(SuiteRunnerWorker.java:52)
at org.testng.SuiteRunnerWorker.run(SuiteRunnerWorker.java:95)
at org.testng.TestNG.runSuitesSequentially(TestNG.java:1274)
at org.testng.TestNG.runSuitesLocally(TestNG.java:1208)
at org.testng.TestNG.runSuites(TestNG.java:1112)
at org.testng.TestNG.run(TestNG.java:1079)
at com.intellij.rt.testng.IDEARemoteTestNG.run(IDEARemoteTestNG.java:65)
at com.intellij.rt.testng.RemoteTestNGStarter.main(RemoteTestNGStarter.java:105)
]]>
            </full-stacktrace>
          </exception> <!-- org.openqa.selenium.NoSuchElementException -->
          <reporter-output>
          </reporter-output>
        </test-method> <!-- loginSfly3 -->
        <test-method is-config="true" signature="closeBrowser()[pri:0, instance:com.sfly3.scripts.TC_001_LoginSfly3@3f6b0be5]" started-at="2025-04-19T19:47:25 IST" name="closeBrowser" finished-at="2025-04-19T19:47:28 IST" duration-ms="3106" status="PASS">
          <reporter-output>
          </reporter-output>
        </test-method> <!-- closeBrowser -->
      </class> <!-- com.sfly3.scripts.TC_001_LoginSfly3 -->
    </test> <!-- TC_001_LoginSfly3 -->
  </suite> <!-- SFLY3 -->
</testng-results>
